<?xml version="1.0" encoding="UTF-8"?>
<testng-results ignored="0" total="1" passed="1" failed="0" skipped="0">
  <reporter-output>
  </reporter-output>
  <suite started-at="2022-05-06T05:52:43Z" name="Default suite" finished-at="2022-05-06T05:52:47Z" duration-ms="4858">
    <groups>
    </groups>
    <test started-at="2022-05-06T05:52:43Z" name="Default test" finished-at="2022-05-06T05:52:47Z" duration-ms="4858">
      <class name="assignment2Selenium.GoogleAccountCreation">
        <test-method is-config="true" signature="beforeMethod()[pri:0, instance:assignment2Selenium.GoogleAccountCreation@2657d4dd]" started-at="2022-05-06T05:52:43Z" name="beforeMethod" finished-at="2022-05-06T05:52:47Z" duration-ms="4249" status="PASS">
          <reporter-output>
          </reporter-output>
        </test-method> <!-- beforeMethod -->
        <test-method signature="f()[pri:0, instance:assignment2Selenium.GoogleAccountCreation@2657d4dd]" started-at="2022-05-06T05:52:47Z" name="f" finished-at="2022-05-06T05:52:47Z" duration-ms="585" status="PASS">
          <reporter-output>
          </reporter-output>
        </test-method> <!-- f -->
        <test-method is-config="true" signature="afterMethod()[pri:0, instance:assignment2Selenium.GoogleAccountCreation@2657d4dd]" started-at="2022-05-06T05:52:47Z" name="afterMethod" finished-at="2022-05-06T05:52:47Z" duration-ms="0" status="PASS">
          <reporter-output>
          </reporter-output>
        </test-method> <!-- afterMethod -->
      </class> <!-- assignment2Selenium.GoogleAccountCreation -->
    </test> <!-- Default test -->
  </suite> <!-- Default suite -->
</testng-results>
